2025-12-18 05:21:40,506 INFO: Microblog startup [in /Users/carmichaelnjoroge/microblog/app/__init__.py:76]
2025-12-18 05:21:49,820 INFO: Microblog startup [in /Users/carmichaelnjoroge/microblog/app/__init__.py:76]
2025-12-18 05:23:02,786 INFO: Microblog startup [in /Users/carmichaelnjoroge/microblog/app/__init__.py:76]
2025-12-18 05:23:10,871 INFO: Microblog startup [in /Users/carmichaelnjoroge/microblog/app/__init__.py:76]
2025-12-18 05:28:43,734 INFO: Microblog startup [in /Users/carmichaelnjoroge/microblog/app/__init__.py:76]
2025-12-18 05:51:31,054 INFO: Microblog startup [in /Users/carmichaelnjoroge/microblog/app/__init__.py:76]
2025-12-18 05:52:13,510 INFO: Microblog startup [in /Users/carmichaelnjoroge/microblog/app/__init__.py:76]
2025-12-18 05:59:04,154 INFO: Microblog startup [in /Users/carmichaelnjoroge/microblog/app/__init__.py:76]
2025-12-18 05:59:15,549 INFO: Microblog startup [in /Users/carmichaelnjoroge/microblog/app/__init__.py:76]
2025-12-18 05:59:22,007 ERROR: Exception on /search [GET] [in /Users/carmichaelnjoroge/microblog/venv/lib/python3.10/site-packages/flask/app.py:875]
Traceback (most recent call last):
  File "/Users/carmichaelnjoroge/microblog/venv/lib/python3.10/site-packages/flask/app.py", line 1511, in wsgi_app
    response = self.full_dispatch_request()
  File "/Users/carmichaelnjoroge/microblog/venv/lib/python3.10/site-packages/flask/app.py", line 919, in full_dispatch_request
    rv = self.handle_user_exception(e)
  File "/Users/carmichaelnjoroge/microblog/venv/lib/python3.10/site-packages/flask/app.py", line 917, in full_dispatch_request
    rv = self.dispatch_request()
  File "/Users/carmichaelnjoroge/microblog/venv/lib/python3.10/site-packages/flask/app.py", line 902, in dispatch_request
    return self.ensure_sync(self.view_functions[rule.endpoint])(**view_args)  # type: ignore[no-any-return]
  File "/Users/carmichaelnjoroge/microblog/venv/lib/python3.10/site-packages/flask_login/utils.py", line 290, in decorated_view
    return current_app.ensure_sync(func)(*args, **kwargs)
  File "/Users/carmichaelnjoroge/microblog/app/main/routes.py", line 141, in search
    posts, total = Post.search(g.search_form.q.data, page, current_app.config['POSTS_PER_PAGE'])
  File "/Users/carmichaelnjoroge/microblog/app/models.py", line 15, in search
    ids, total = query_index(cls.__tablename__, expression, page, per_page)
  File "/Users/carmichaelnjoroge/microblog/app/search.py", line 22, in query_index
    search = current_app.elasticsearch.search(
  File "/Users/carmichaelnjoroge/microblog/venv/lib/python3.10/site-packages/elasticsearch/_sync/client/utils.py", line 415, in wrapped
    return api(*args, **kwargs)
  File "/Users/carmichaelnjoroge/microblog/venv/lib/python3.10/site-packages/elasticsearch/_sync/client/__init__.py", line 4851, in search
    return self.perform_request(  # type: ignore[return-value]
  File "/Users/carmichaelnjoroge/microblog/venv/lib/python3.10/site-packages/elasticsearch/_sync/client/_base.py", line 271, in perform_request
    response = self._perform_request(
  File "/Users/carmichaelnjoroge/microblog/venv/lib/python3.10/site-packages/elasticsearch/_sync/client/_base.py", line 351, in _perform_request
    raise HTTP_EXCEPTIONS.get(meta.status, ApiError)(
elasticsearch.BadRequestError: BadRequestError(400, 'media_type_header_exception', 'Invalid media-type value on headers [Content-Type, Accept]', Accept version must be either version 8 or 7, but found 9. Accept=application/vnd.elasticsearch+json; compatible-with=9)
2025-12-18 06:04:28,684 INFO: Microblog startup [in /Users/carmichaelnjoroge/microblog/app/__init__.py:76]
2025-12-18 06:04:40,282 ERROR: Exception on /search [GET] [in /Users/carmichaelnjoroge/microblog/venv/lib/python3.10/site-packages/flask/app.py:875]
Traceback (most recent call last):
  File "/Users/carmichaelnjoroge/microblog/venv/lib/python3.10/site-packages/flask/app.py", line 1511, in wsgi_app
    response = self.full_dispatch_request()
  File "/Users/carmichaelnjoroge/microblog/venv/lib/python3.10/site-packages/flask/app.py", line 919, in full_dispatch_request
    rv = self.handle_user_exception(e)
  File "/Users/carmichaelnjoroge/microblog/venv/lib/python3.10/site-packages/flask/app.py", line 917, in full_dispatch_request
    rv = self.dispatch_request()
  File "/Users/carmichaelnjoroge/microblog/venv/lib/python3.10/site-packages/flask/app.py", line 902, in dispatch_request
    return self.ensure_sync(self.view_functions[rule.endpoint])(**view_args)  # type: ignore[no-any-return]
  File "/Users/carmichaelnjoroge/microblog/venv/lib/python3.10/site-packages/flask_login/utils.py", line 290, in decorated_view
    return current_app.ensure_sync(func)(*args, **kwargs)
  File "/Users/carmichaelnjoroge/microblog/app/main/routes.py", line 141, in search
    posts, total = Post.search(g.search_form.q.data, page, current_app.config['POSTS_PER_PAGE'])
  File "/Users/carmichaelnjoroge/microblog/app/models.py", line 15, in search
    ids, total = query_index(cls.__tablename__, expression, page, per_page)
  File "/Users/carmichaelnjoroge/microblog/app/search.py", line 22, in query_index
    search = current_app.elasticsearch.search(
  File "/Users/carmichaelnjoroge/microblog/venv/lib/python3.10/site-packages/elasticsearch/_sync/client/utils.py", line 452, in wrapped
    return api(*args, **kwargs)
  File "/Users/carmichaelnjoroge/microblog/venv/lib/python3.10/site-packages/elasticsearch/_sync/client/__init__.py", line 5101, in search
    return self.perform_request(  # type: ignore[return-value]
  File "/Users/carmichaelnjoroge/microblog/venv/lib/python3.10/site-packages/elasticsearch/_sync/client/_base.py", line 271, in perform_request
    response = self._perform_request(
  File "/Users/carmichaelnjoroge/microblog/venv/lib/python3.10/site-packages/elasticsearch/_sync/client/_base.py", line 351, in _perform_request
    raise HTTP_EXCEPTIONS.get(meta.status, ApiError)(
elasticsearch.NotFoundError: NotFoundError(404, 'index_not_found_exception', 'no such index [post]', post, index_or_alias)
2025-12-18 06:10:54,879 INFO: Microblog startup [in /Users/carmichaelnjoroge/microblog/app/__init__.py:76]
2025-12-18 06:11:44,896 INFO: Microblog startup [in /Users/carmichaelnjoroge/microblog/app/__init__.py:76]
2025-12-18 06:11:44,896 INFO: Microblog startup [in /Users/carmichaelnjoroge/microblog/app/__init__.py:76]
2025-12-18 06:13:07,368 INFO: Microblog startup [in /Users/carmichaelnjoroge/microblog/app/__init__.py:76]
2025-12-18 06:13:16,597 ERROR: Exception on /search [GET] [in /Users/carmichaelnjoroge/microblog/venv/lib/python3.10/site-packages/flask/app.py:875]
Traceback (most recent call last):
  File "/Users/carmichaelnjoroge/microblog/venv/lib/python3.10/site-packages/flask/app.py", line 1511, in wsgi_app
    response = self.full_dispatch_request()
  File "/Users/carmichaelnjoroge/microblog/venv/lib/python3.10/site-packages/flask/app.py", line 919, in full_dispatch_request
    rv = self.handle_user_exception(e)
  File "/Users/carmichaelnjoroge/microblog/venv/lib/python3.10/site-packages/flask/app.py", line 917, in full_dispatch_request
    rv = self.dispatch_request()
  File "/Users/carmichaelnjoroge/microblog/venv/lib/python3.10/site-packages/flask/app.py", line 902, in dispatch_request
    return self.ensure_sync(self.view_functions[rule.endpoint])(**view_args)  # type: ignore[no-any-return]
  File "/Users/carmichaelnjoroge/microblog/venv/lib/python3.10/site-packages/flask_login/utils.py", line 290, in decorated_view
    return current_app.ensure_sync(func)(*args, **kwargs)
  File "/Users/carmichaelnjoroge/microblog/app/main/routes.py", line 141, in search
    posts, total = Post.search(g.search_form.q.data, page, current_app.config['POSTS_PER_PAGE'])
  File "/Users/carmichaelnjoroge/microblog/app/models.py", line 15, in search
    ids, total = query_index(cls.__tablename__, expression, page, per_page)
  File "/Users/carmichaelnjoroge/microblog/app/search.py", line 22, in query_index
    search = current_app.elasticsearch.search(
  File "/Users/carmichaelnjoroge/microblog/venv/lib/python3.10/site-packages/elasticsearch/_sync/client/utils.py", line 452, in wrapped
    return api(*args, **kwargs)
  File "/Users/carmichaelnjoroge/microblog/venv/lib/python3.10/site-packages/elasticsearch/_sync/client/__init__.py", line 5101, in search
    return self.perform_request(  # type: ignore[return-value]
  File "/Users/carmichaelnjoroge/microblog/venv/lib/python3.10/site-packages/elasticsearch/_sync/client/_base.py", line 271, in perform_request
    response = self._perform_request(
  File "/Users/carmichaelnjoroge/microblog/venv/lib/python3.10/site-packages/elasticsearch/_sync/client/_base.py", line 351, in _perform_request
    raise HTTP_EXCEPTIONS.get(meta.status, ApiError)(
elasticsearch.NotFoundError: NotFoundError(404, 'index_not_found_exception', 'no such index [post]', post, index_or_alias)
2025-12-18 06:14:03,397 INFO: Microblog startup [in /Users/carmichaelnjoroge/microblog/app/__init__.py:76]
2025-12-18 06:14:21,952 INFO: Microblog startup [in /Users/carmichaelnjoroge/microblog/app/__init__.py:76]
2025-12-18 06:14:21,952 INFO: Microblog startup [in /Users/carmichaelnjoroge/microblog/app/__init__.py:76]
2025-12-18 06:19:09,726 INFO: Microblog startup [in /Users/carmichaelnjoroge/microblog/app/__init__.py:76]
2025-12-18 06:19:19,296 INFO: Microblog startup [in /Users/carmichaelnjoroge/microblog/app/__init__.py:76]
2025-12-18 06:19:19,296 INFO: Microblog startup [in /Users/carmichaelnjoroge/microblog/app/__init__.py:76]
2025-12-18 06:24:38,000 INFO: Microblog startup [in /Users/carmichaelnjoroge/microblog/app/__init__.py:76]
2025-12-18 06:25:25,783 INFO: Microblog startup [in /Users/carmichaelnjoroge/microblog/app/__init__.py:76]
2026-01-08 17:33:01,728 INFO: Microblog startup [in /Users/carmichaelnjoroge/microblog/app/__init__.py:76]
2026-01-14 13:10:32,964 INFO: Microblog startup [in /Users/carmichaelnjoroge/microblog/app/__init__.py:76]
2026-01-15 12:17:19,944 INFO: Microblog startup [in /Users/carmichaelnjoroge/microblog/app/__init__.py:76]
2026-01-15 12:17:28,210 INFO: Microblog startup [in /Users/carmichaelnjoroge/microblog/app/__init__.py:76]
